<?xml version="1.0" encoding="UTF-8"?>
<testng-results skipped="0" failed="0" ignored="0" total="1" passed="1">
  <reporter-output>
  </reporter-output>
  <suite name="Default suite" duration-ms="96982" started-at="2020-12-12T11:23:35Z" finished-at="2020-12-12T11:25:12Z">
    <groups>
    </groups>
    <test name="Default test" duration-ms="96982" started-at="2020-12-12T11:23:35Z" finished-at="2020-12-12T11:25:12Z">
      <class name="testcases.TC_Assessment">
        <test-method status="PASS" signature="beforeSuite()[pri:0, instance:testcases.TC_Assessment@27a8c74e]" name="beforeSuite" is-config="true" duration-ms="1201" started-at="2020-12-12T11:23:33Z" finished-at="2020-12-12T11:23:35Z">
          <reporter-output>
          </reporter-output>
        </test-method> <!-- beforeSuite -->
        <test-method status="PASS" signature="setData()[pri:0, instance:testcases.TC_Assessment@27a8c74e]" name="setData" is-config="true" duration-ms="0" started-at="2020-12-12T11:23:35Z" finished-at="2020-12-12T11:23:35Z">
          <reporter-output>
          </reporter-output>
        </test-method> <!-- setData -->
        <test-method status="PASS" signature="beforeClass()[pri:0, instance:testcases.TC_Assessment@27a8c74e]" name="beforeClass" is-config="true" duration-ms="2" started-at="2020-12-12T11:23:35Z" finished-at="2020-12-12T11:23:35Z">
          <reporter-output>
          </reporter-output>
        </test-method> <!-- beforeClass -->
        <test-method status="PASS" signature="beforeMethod()[pri:0, instance:testcases.TC_Assessment@27a8c74e]" name="beforeMethod" is-config="true" duration-ms="10955" started-at="2020-12-12T11:23:35Z" finished-at="2020-12-12T11:23:46Z">
          <reporter-output>
          </reporter-output>
        </test-method> <!-- beforeMethod -->
        <test-method status="PASS" signature="assessmentTestCase()[pri:0, instance:testcases.TC_Assessment@27a8c74e]" name="assessmentTestCase" duration-ms="85978" started-at="2020-12-12T11:23:46Z" finished-at="2020-12-12T11:25:12Z">
          <reporter-output>
          </reporter-output>
        </test-method> <!-- assessmentTestCase -->
        <test-method status="PASS" signature="afterMethod()[pri:0, instance:testcases.TC_Assessment@27a8c74e]" name="afterMethod" is-config="true" duration-ms="0" started-at="2020-12-12T11:25:12Z" finished-at="2020-12-12T11:25:12Z">
          <reporter-output>
          </reporter-output>
        </test-method> <!-- afterMethod -->
        <test-method status="PASS" signature="afterSuite()[pri:0, instance:testcases.TC_Assessment@27a8c74e]" name="afterSuite" is-config="true" duration-ms="1078" started-at="2020-12-12T11:25:12Z" finished-at="2020-12-12T11:25:13Z">
          <reporter-output>
          </reporter-output>
        </test-method> <!-- afterSuite -->
      </class> <!-- testcases.TC_Assessment -->
    </test> <!-- Default test -->
  </suite> <!-- Default suite -->
</testng-results>
